[2023-11-13 19:31:19Z INFO HostContext] No proxy settings were found based on environmental variables (http_proxy/https_proxy/HTTP_PROXY/HTTPS_PROXY)
[2023-11-13 19:31:19Z INFO HostContext] Well known directory 'Bin': '/Users/i35032/myCode/Github/mars2380/mars2380.github.io/actions-runner/bin'
[2023-11-13 19:31:19Z INFO HostContext] Well known directory 'Root': '/Users/i35032/myCode/Github/mars2380/mars2380.github.io/actions-runner'
[2023-11-13 19:31:19Z INFO HostContext] Well known config file 'Credentials': '/Users/i35032/myCode/Github/mars2380/mars2380.github.io/actions-runner/.credentials'
[2023-11-13 19:31:20Z INFO HostContext] Well known directory 'Bin': '/Users/i35032/myCode/Github/mars2380/mars2380.github.io/actions-runner/bin'
[2023-11-13 19:31:20Z INFO HostContext] Well known directory 'Root': '/Users/i35032/myCode/Github/mars2380/mars2380.github.io/actions-runner'
[2023-11-13 19:31:20Z INFO HostContext] Well known config file 'Runner': '/Users/i35032/myCode/Github/mars2380/mars2380.github.io/actions-runner/.runner'
[2023-11-13 19:31:20Z INFO Listener] Runner is built for OSX (Arm64) - osx-arm64.
[2023-11-13 19:31:20Z INFO Listener] RuntimeInformation: Darwin 22.6.0 Darwin Kernel Version 22.6.0: Wed Jul  5 22:22:05 PDT 2023; root:xnu-8796.141.3~6/RELEASE_ARM64_T6000.
[2023-11-13 19:31:20Z INFO Listener] Version: 2.311.0
[2023-11-13 19:31:20Z INFO Listener] Commit: f5cff308c83746dddd726a9a28a1583872305aaa
[2023-11-13 19:31:20Z INFO Listener] Culture: en-US
[2023-11-13 19:31:20Z INFO Listener] UI Culture: en-US
[2023-11-13 19:31:20Z INFO HostContext] Well known directory 'Bin': '/Users/i35032/myCode/Github/mars2380/mars2380.github.io/actions-runner/bin'
[2023-11-13 19:31:20Z INFO HostContext] Well known directory 'Root': '/Users/i35032/myCode/Github/mars2380/mars2380.github.io/actions-runner'
[2023-11-13 19:31:20Z INFO Listener] Validating directory permissions for: '/Users/i35032/myCode/Github/mars2380/mars2380.github.io/actions-runner'
[2023-11-13 19:31:20Z INFO CommandLineParser] Parse
[2023-11-13 19:31:20Z INFO CommandLineParser] Parsing 1 args
[2023-11-13 19:31:20Z INFO CommandLineParser] parsing argument
[2023-11-13 19:31:20Z INFO CommandLineParser] HasArgs: False
[2023-11-13 19:31:20Z INFO CommandLineParser] Adding Command: run
[2023-11-13 19:31:20Z INFO Listener] Arguments parsed
[2023-11-13 19:31:20Z INFO Runner] ExecuteCommand
[2023-11-13 19:31:20Z INFO ConfigurationStore] currentAssemblyLocation: /Users/i35032/myCode/Github/mars2380/mars2380.github.io/actions-runner/bin/Runner.Listener.dll
[2023-11-13 19:31:20Z INFO HostContext] Well known directory 'Bin': '/Users/i35032/myCode/Github/mars2380/mars2380.github.io/actions-runner/bin'
[2023-11-13 19:31:20Z INFO ConfigurationStore] binPath: /Users/i35032/myCode/Github/mars2380/mars2380.github.io/actions-runner/bin
[2023-11-13 19:31:20Z INFO HostContext] Well known directory 'Bin': '/Users/i35032/myCode/Github/mars2380/mars2380.github.io/actions-runner/bin'
[2023-11-13 19:31:20Z INFO HostContext] Well known directory 'Root': '/Users/i35032/myCode/Github/mars2380/mars2380.github.io/actions-runner'
[2023-11-13 19:31:20Z INFO ConfigurationStore] RootFolder: /Users/i35032/myCode/Github/mars2380/mars2380.github.io/actions-runner
[2023-11-13 19:31:20Z INFO HostContext] Well known directory 'Bin': '/Users/i35032/myCode/Github/mars2380/mars2380.github.io/actions-runner/bin'
[2023-11-13 19:31:20Z INFO HostContext] Well known directory 'Root': '/Users/i35032/myCode/Github/mars2380/mars2380.github.io/actions-runner'
[2023-11-13 19:31:20Z INFO HostContext] Well known config file 'Runner': '/Users/i35032/myCode/Github/mars2380/mars2380.github.io/actions-runner/.runner'
[2023-11-13 19:31:20Z INFO ConfigurationStore] ConfigFilePath: /Users/i35032/myCode/Github/mars2380/mars2380.github.io/actions-runner/.runner
[2023-11-13 19:31:20Z INFO HostContext] Well known directory 'Bin': '/Users/i35032/myCode/Github/mars2380/mars2380.github.io/actions-runner/bin'
[2023-11-13 19:31:20Z INFO HostContext] Well known directory 'Root': '/Users/i35032/myCode/Github/mars2380/mars2380.github.io/actions-runner'
[2023-11-13 19:31:20Z INFO HostContext] Well known config file 'Credentials': '/Users/i35032/myCode/Github/mars2380/mars2380.github.io/actions-runner/.credentials'
[2023-11-13 19:31:20Z INFO ConfigurationStore] CredFilePath: /Users/i35032/myCode/Github/mars2380/mars2380.github.io/actions-runner/.credentials
[2023-11-13 19:31:20Z INFO HostContext] Well known directory 'Bin': '/Users/i35032/myCode/Github/mars2380/mars2380.github.io/actions-runner/bin'
[2023-11-13 19:31:20Z INFO HostContext] Well known directory 'Root': '/Users/i35032/myCode/Github/mars2380/mars2380.github.io/actions-runner'
[2023-11-13 19:31:20Z INFO HostContext] Well known config file 'MigratedCredentials': '/Users/i35032/myCode/Github/mars2380/mars2380.github.io/actions-runner/.credentials_migrated'
[2023-11-13 19:31:20Z INFO ConfigurationStore] MigratedCredFilePath: /Users/i35032/myCode/Github/mars2380/mars2380.github.io/actions-runner/.credentials_migrated
[2023-11-13 19:31:20Z INFO HostContext] Well known directory 'Bin': '/Users/i35032/myCode/Github/mars2380/mars2380.github.io/actions-runner/bin'
[2023-11-13 19:31:20Z INFO HostContext] Well known directory 'Root': '/Users/i35032/myCode/Github/mars2380/mars2380.github.io/actions-runner'
[2023-11-13 19:31:20Z INFO HostContext] Well known config file 'Service': '/Users/i35032/myCode/Github/mars2380/mars2380.github.io/actions-runner/.service'
[2023-11-13 19:31:20Z INFO ConfigurationStore] ServiceConfigFilePath: /Users/i35032/myCode/Github/mars2380/mars2380.github.io/actions-runner/.service
[2023-11-13 19:31:20Z INFO CommandSettings] Flag 'help': 'False'
[2023-11-13 19:31:20Z INFO CommandSettings] Flag 'version': 'False'
[2023-11-13 19:31:20Z INFO CommandSettings] Flag 'commit': 'False'
[2023-11-13 19:31:20Z INFO CommandSettings] Flag 'check': 'False'
[2023-11-13 19:31:20Z INFO CommandSettings] Command 'configure': 'False'
[2023-11-13 19:31:20Z INFO CommandSettings] Command 'remove': 'False'
[2023-11-13 19:31:20Z INFO CommandSettings] Command 'warmup': 'False'
[2023-11-13 19:31:20Z INFO ConfigurationManager] LoadSettings
[2023-11-13 19:31:20Z INFO ConfigurationStore] IsConfigured()
[2023-11-13 19:31:20Z INFO ConfigurationStore] IsConfigured: True
[2023-11-13 19:31:20Z INFO ConfigurationManager] Is configured: True
[2023-11-13 19:31:20Z INFO ConfigurationStore] Read setting file: 304 chars
[2023-11-13 19:31:20Z INFO ConfigurationManager] Settings Loaded
[2023-11-13 19:31:20Z INFO ConfigurationStore] IsServiceConfigured()
[2023-11-13 19:31:20Z INFO ConfigurationStore] IsServiceConfigured: False
[2023-11-13 19:31:20Z INFO CommandSettings] Command 'run': 'True'
[2023-11-13 19:31:20Z INFO ConfigurationStore] IsConfigured()
[2023-11-13 19:31:20Z INFO ConfigurationStore] IsConfigured: True
[2023-11-13 19:31:20Z INFO ConfigurationManager] Is configured: True
[2023-11-13 19:31:20Z INFO Runner] Could not parse the argument value '' for StartupType. Defaulting to Manual
[2023-11-13 19:31:20Z INFO Runner] Set runner startup type - Manual
[2023-11-13 19:31:20Z INFO CommandSettings] Flag 'once': 'False'
[2023-11-13 19:31:20Z INFO CommandSettings] Flag 'once': 'False'
[2023-11-13 19:31:20Z INFO Runner] RunAsync
[2023-11-13 19:31:20Z INFO ConfigurationManager] LoadSettings
[2023-11-13 19:31:20Z INFO ConfigurationStore] IsConfigured()
[2023-11-13 19:31:20Z INFO ConfigurationStore] IsConfigured: True
[2023-11-13 19:31:20Z INFO ConfigurationManager] Is configured: True
[2023-11-13 19:31:20Z INFO ConfigurationManager] Settings Loaded
[2023-11-13 19:31:20Z INFO MessageListener] {
  "AgentId": 22,
  "AgentName": "LVVK92QG36",
  "PoolId": 1,
  "PoolName": "Default",
  "ServerUrl": "https://pipelinesghubeus8.actions.githubusercontent.com/VuSjRuoTjH8rwogukrTNi8xGqWTWY6iiVheDfgw3GGTzupMTcv/",
  "GitHubUrl": "https://github.com/mars2380/mars2380.github.io",
  "WorkFolder": "_work"
}
[2023-11-13 19:31:20Z INFO MessageListener] Loading Credentials
[2023-11-13 19:31:20Z INFO ConfigurationStore] HasCredentials()
[2023-11-13 19:31:20Z INFO ConfigurationStore] stored True
[2023-11-13 19:31:20Z INFO CredentialManager] GetCredentialProvider
[2023-11-13 19:31:20Z INFO CredentialManager] Creating type OAuth
[2023-11-13 19:31:20Z INFO CredentialManager] Creating credential type: OAuth
[2023-11-13 19:31:20Z INFO HostContext] Well known directory 'Bin': '/Users/i35032/myCode/Github/mars2380/mars2380.github.io/actions-runner/bin'
[2023-11-13 19:31:20Z INFO HostContext] Well known directory 'Root': '/Users/i35032/myCode/Github/mars2380/mars2380.github.io/actions-runner'
[2023-11-13 19:31:20Z INFO HostContext] Well known config file 'RSACredentials': '/Users/i35032/myCode/Github/mars2380/mars2380.github.io/actions-runner/.credentials_rsaparams'
[2023-11-13 19:31:20Z INFO RSAFileKeyManager] Loading RSA key parameters from file /Users/i35032/myCode/Github/mars2380/mars2380.github.io/actions-runner/.credentials_rsaparams
[2023-11-13 19:31:20Z INFO MessageListener] Attempt to create session.
[2023-11-13 19:31:20Z INFO MessageListener] Connecting to the Runner Server...
[2023-11-13 19:31:20Z INFO RunnerServer] EstablishVssConnection
[2023-11-13 19:31:20Z INFO RunnerServer] Establish connection with 100 seconds timeout.
[2023-11-13 19:31:20Z INFO GitHubActionsService] Starting operation Location.GetConnectionData
[2023-11-13 19:31:20Z INFO RunnerServer] EstablishVssConnection
[2023-11-13 19:31:20Z INFO RunnerServer] Establish connection with 60 seconds timeout.
[2023-11-13 19:31:20Z INFO GitHubActionsService] Starting operation Location.GetConnectionData
[2023-11-13 19:31:20Z INFO RunnerServer] EstablishVssConnection
[2023-11-13 19:31:20Z INFO RunnerServer] Establish connection with 60 seconds timeout.
[2023-11-13 19:31:20Z INFO GitHubActionsService] Starting operation Location.GetConnectionData
[2023-11-13 19:31:20Z INFO GitHubActionsService] Finished operation Location.GetConnectionData
[2023-11-13 19:31:20Z INFO GitHubActionsService] Finished operation Location.GetConnectionData
[2023-11-13 19:31:20Z INFO GitHubActionsService] Finished operation Location.GetConnectionData
[2023-11-13 19:31:20Z INFO MessageListener] VssConnection created
[2023-11-13 19:31:20Z INFO Terminal] WRITE LINE: 
[2023-11-13 19:31:20Z INFO Terminal] WRITE LINE: 
[2023-11-13 19:31:21Z INFO RSAFileKeyManager] Loading RSA key parameters from file /Users/i35032/myCode/Github/mars2380/mars2380.github.io/actions-runner/.credentials_rsaparams
[2023-11-13 19:31:21Z INFO RSAFileKeyManager] Loading RSA key parameters from file /Users/i35032/myCode/Github/mars2380/mars2380.github.io/actions-runner/.credentials_rsaparams
[2023-11-13 19:31:21Z INFO GitHubActionsService] AAD Correlation ID for this token request: Unknown
[2023-11-13 19:31:21Z INFO MessageListener] Session created.
[2023-11-13 19:31:21Z INFO Terminal] WRITE LINE: Current runner version: '2.311.0'
[2023-11-13 19:31:21Z INFO Terminal] WRITE LINE: 2023-11-13 19:31:21Z: Listening for Jobs
[2023-11-13 19:31:21Z INFO JobDispatcher] Set runner/worker IPC timeout to 30 seconds.
[2023-11-13 19:32:15Z INFO Terminal] WRITE LINE: Exiting...
[2023-11-13 19:32:15Z INFO ConfigurationStore] IsServiceConfigured()
[2023-11-13 19:32:15Z INFO ConfigurationStore] IsServiceConfigured: False
[2023-11-13 19:32:15Z INFO HostContext] Runner will be shutdown for UserCancelled
[2023-11-13 19:32:15Z WARN GitHubActionsService] GET request to https://pipelinesghubeus8.actions.githubusercontent.com/VuSjRuoTjH8rwogukrTNi8xGqWTWY6iiVheDfgw3GGTzupMTcv/_apis/distributedtask/pools/1/messages?sessionId=2d85a4d5-c9b7-42d2-8521-b2978ebc6205&status=Online&runnerVersion=2.311.0&os=macOS&architecture=ARM64 has been cancelled.
[2023-11-13 19:32:15Z INFO MessageListener] Get next message has been cancelled.
[2023-11-13 19:32:15Z INFO JobDispatcher] Shutting down JobDispatcher. Make sure all WorkerDispatcher has finished.
[2023-11-13 19:32:16Z INFO Listener] Runner execution been cancelled.
